<?xml version="1.0" encoding="UTF-8"?>
<!-- Generated by org.testng.reporters.JUnitReportReporter -->
<testsuite hostname="GGKU5DELL1896" failures="0" tests="2" name="TestNG.Batch_Testing.LoginTest" time="0.000" errors="0" timestamp="2024-10-07T12:48:16 IST" skipped="0">
  <testcase classname="TestNG.Batch_Testing.LoginTest" name="loginByMobileNumber" time="0.000"/>
  <testcase classname="TestNG.Batch_Testing.LoginTest" name="loginByEmail" time="0.000"/>
</testsuite> <!-- TestNG.Batch_Testing.LoginTest -->
