<?xml version="1.0" encoding="UTF-8"?>
<!-- Generated by org.testng.reporters.JUnitReportReporter -->
<testsuite hostname="GGKU5DELL1896" failures="0" tests="4" name="TestNG.TestNGReportExample.ReportExample" time="0.053" errors="0" timestamp="2024-10-23T15:51:54 IST" skipped="0">
  <testcase classname="TestNG.TestNGReportExample.ReportExample" name="testMethod4" time="0.003"/>
  <testcase classname="TestNG.TestNGReportExample.ReportExample" name="testMethod2" time="0.011"/>
  <testcase classname="TestNG.TestNGReportExample.ReportExample" name="testMethod1" time="0.035"/>
  <testcase classname="TestNG.TestNGReportExample.ReportExample" name="testMethod3" time="0.004"/>
</testsuite> <!-- TestNG.TestNGReportExample.ReportExample -->
