<?xml version="1.0" encoding="UTF-8"?>
<!-- Generated by org.testng.reporters.JUnitReportReporter -->
<testsuite hostname="GGKU5DELL1896" failures="0" tests="9" name="SelectorsTest" time="22.354" errors="0" timestamp="2024-07-08T17:03:40 IST" skipped="0">
  <testcase classname="SelectorsTest" name="byCssSelector" time="5.480"/>
  <testcase classname="SelectorsTest" name="byPartialLinkText" time="1.470"/>
  <testcase classname="SelectorsTest" name="byTagName" time="1.589"/>
  <testcase classname="SelectorsTest" name="byXpath_2" time="1.546"/>
  <testcase classname="SelectorsTest" name="byId" time="1.513"/>
  <testcase classname="SelectorsTest" name="byLinkText" time="1.518"/>
  <testcase classname="SelectorsTest" name="byXpath" time="1.588"/>
  <testcase classname="SelectorsTest" name="byClass" time="2.063"/>
  <testcase classname="SelectorsTest" name="byCssSelector_2" time="5.587"/>
</testsuite> <!-- SelectorsTest -->
