<?xml version="1.0" encoding="UTF-8"?>
<!-- Generated by org.testng.reporters.JUnitReportReporter -->
<testsuite hostname="GGKU5DELL1896" failures="0" tests="4" name="TestNG.Annotation_Attributes.AnnotationsAttributes" time="0.006" errors="0" timestamp="2024-09-23T17:01:40 IST" skipped="1">
  <testcase classname="TestNG.Annotation_Attributes.AnnotationsAttributes" name="Test_3_Priority" time="0.001"/>
  <testcase classname="TestNG.Annotation_Attributes.AnnotationsAttributes" name="Test_4_Depends_Method" time="0.000"/>
  <testcase classname="TestNG.Annotation_Attributes.AnnotationsAttributes" name="Test_1_Description" time="0.005"/>
  <testcase classname="TestNG.Annotation_Attributes.AnnotationsAttributes" name="Test_5_Enabled">
    <skipped/>
  </testcase> <!-- Test_5_Enabled -->
</testsuite> <!-- TestNG.Annotation_Attributes.AnnotationsAttributes -->
