<?xml version="1.0" encoding="UTF-8"?>
<!-- Generated by org.testng.reporters.JUnitReportReporter -->
<testsuite hostname="GGKU5DELL1896" failures="0" tests="3" name="TestNG.Batch_Testing.HomeScreenTest" time="0.005" errors="0" timestamp="2024-10-07T12:48:16 IST" skipped="0">
  <testcase classname="TestNG.Batch_Testing.HomeScreenTest" name="verifyTitle" time="0.000"/>
  <testcase classname="TestNG.Batch_Testing.HomeScreenTest" name="verifyLogo" time="0.001"/>
  <testcase classname="TestNG.Batch_Testing.HomeScreenTest" name="launchApplication" time="0.004"/>
</testsuite> <!-- TestNG.Batch_Testing.HomeScreenTest -->
